


 STREAM LISTING     PERIOD      1   STEP        1

 LAYER ROW COL. STREAM  RCH.  FLOW INTO     FLOW TO   FLOW OUT OF   OVRLND.     DIRECT     STREAM       STREAM     STREAM     STREAM   STREAMBED  STREAMBED
                SEG.NO.  NO.  STRM. RCH.    AQUIFER    STRM. RCH.    RUNOFF     PRECIP       ET          HEAD       DEPTH      WIDTH   CONDCTNC.   GRADIENT

   1    1   11     1     1    0.0000E+00 -1.3630E+01   1.3630E+01  0.000E+00  0.000E+00  0.000E+00  1.90009E+01  8.673E-04  3.000E+00  1.500E+01 -9.087E-01
   1    2   11     1     2    1.3630E+01 -1.8230E+01   3.1860E+01  0.000E+00  0.000E+00  0.000E+00  1.85018E+01  1.787E-03  3.000E+00  1.500E+01 -1.215E+00
   1    3   11     1     3    3.1860E+01 -2.1438E+01   5.3298E+01  0.000E+00  0.000E+00  0.000E+00  1.80026E+01  2.604E-03  3.000E+00  1.500E+01 -1.429E+00
   1    4   11     1     4    5.3298E+01 -2.3797E+01   7.7095E+01  0.000E+00  0.000E+00  0.000E+00  1.75034E+01  3.362E-03  3.000E+00  1.500E+01 -1.586E+00
   1    5   11     1     5    7.7095E+01 -2.5570E+01   1.0266E+02  0.000E+00  0.000E+00  0.000E+00  1.70041E+01  4.077E-03  3.000E+00  1.500E+01 -1.705E+00
   1    6   11     1     6    1.0266E+02 -2.6913E+01   1.2958E+02  0.000E+00  0.000E+00  0.000E+00  1.65048E+01  4.754E-03  3.000E+00  1.500E+01 -1.794E+00
   1    7   11     1     7    1.2958E+02 -2.7938E+01   1.5752E+02  0.000E+00  0.000E+00  0.000E+00  1.60054E+01  5.399E-03  3.000E+00  1.500E+01 -1.863E+00
   1    8   11     1     8    1.5752E+02 -2.8724E+01   1.8624E+02  0.000E+00  0.000E+00  0.000E+00  1.55060E+01  6.015E-03  3.000E+00  1.500E+01 -1.915E+00
   1    9   11     1     9    1.8624E+02 -2.9336E+01   2.1558E+02  0.000E+00  0.000E+00  0.000E+00  1.50066E+01  6.605E-03  3.000E+00  1.500E+01 -1.956E+00
   1   10   11     1    10    2.1558E+02 -2.9826E+01   2.4540E+02  0.000E+00  0.000E+00  0.000E+00  1.45072E+01  7.173E-03  3.000E+00  1.500E+01 -1.988E+00
   1   11   11     1    11    2.4540E+02 -3.0238E+01   2.7564E+02  0.000E+00  0.000E+00  0.000E+00  1.40077E+01  7.720E-03  3.000E+00  1.500E+01 -2.016E+00
   1   12   11     1    12    2.7564E+02 -3.0610E+01   3.0625E+02  0.000E+00  0.000E+00  0.000E+00  1.35082E+01  8.249E-03  3.000E+00  1.500E+01 -2.041E+00
   1   13   11     1    13    3.0625E+02 -3.0982E+01   3.3723E+02  0.000E+00  0.000E+00  0.000E+00  1.30088E+01  8.762E-03  3.000E+00  1.500E+01 -2.065E+00
   1   14   11     1    14    3.3723E+02 -3.1391E+01   3.6862E+02  0.000E+00  0.000E+00  0.000E+00  1.25093E+01  9.262E-03  3.000E+00  1.500E+01 -2.093E+00
   1   15   11     1    15    3.6862E+02 -3.1880E+01   4.0050E+02  0.000E+00  0.000E+00  0.000E+00  1.20098E+01  9.752E-03  3.000E+00  1.500E+01 -2.125E+00
   1   16   11     1    16    4.0050E+02 -3.2506E+01   4.3301E+02  0.000E+00  0.000E+00  0.000E+00  1.15102E+01  1.023E-02  3.000E+00  1.500E+01 -2.167E+00
   1   17   11     1    17    4.3301E+02 -3.3344E+01   4.6635E+02  0.000E+00  0.000E+00  0.000E+00  1.10107E+01  1.071E-02  3.000E+00  1.500E+01 -2.223E+00
   1   18   11     1    18    4.6635E+02 -3.4523E+01   5.0088E+02  0.000E+00  0.000E+00  0.000E+00  1.05112E+01  1.119E-02  3.000E+00  1.500E+01 -2.302E+00
   1   19   11     1    19    5.0088E+02 -3.6310E+01   5.3719E+02  0.000E+00  0.000E+00  0.000E+00  1.00117E+01  1.167E-02  3.000E+00  1.500E+01 -2.421E+00
   1   20   11     1    20    5.3719E+02 -3.9463E+01   5.7665E+02  0.000E+00  0.000E+00  0.000E+00  9.51218E+00  1.218E-02  3.000E+00  1.500E+01 -2.631E+00
